<?xml version="1.0" encoding="UTF-8"?>
<testsuite name="com.inditex.filemanager.infrastructure.api.mapper.AssetMapperTest" tests="1" skipped="0" failures="0" errors="0" timestamp="2025-10-15T09:07:06.943Z" hostname="PLX3000003534" time="0.018">
  <properties/>
  <testcase name="shouldMapAssetEntityToAsset()" classname="com.inditex.filemanager.infrastructure.api.mapper.AssetMapperTest" time="0.018"/>
  <system-out><![CDATA[2025-10-15T11:07:06.896+02:00  INFO 24888 --- [    Test worker] t.c.s.AnnotationConfigContextLoaderUtils : Could not detect default configuration classes for test class [com.inditex.filemanager.infrastructure.api.mapper.AssetMapperTest]: AssetMapperTest does not declare any static, non-private, non-final, nested classes annotated with @Configuration.
2025-10-15T11:07:06.929+02:00  INFO 24888 --- [    Test worker] .b.t.c.SpringBootTestContextBootstrapper : Found @SpringBootConfiguration com.inditex.filemanager.FilemanagerApplication for test class com.inditex.filemanager.infrastructure.api.mapper.AssetMapperTest
]]></system-out>
  <system-err><![CDATA[]]></system-err>
</testsuite>
